2026-04-07T10:33:33.419+05:30 ERROR 46125 --- [Student Service Management System] [http-nio-8080-exec-5] c.e.s.exception.GlobalExceptionHandler   : Unexpected error: No static resource api/students/C001 for request '/api/students/C001'.

org.springframework.web.servlet.resource.NoResourceFoundException: No static resource api/students/C001 for request '/api/students/C001'.
	at org.springframework.web.servlet.resource.ResourceHttpRequestHandler.handleRequest(ResourceHttpRequestHandler.java:527) ~[spring-webmvc-7.0.6.jar:7.0.6]
	at org.springframework.web.servlet.mvc.HttpRequestHandlerAdapter.handle(HttpRequestHandlerAdapter.java:50) ~[spring-webmvc-7.0.6.jar:7.0.6]
	at org.springframework.web.servlet.DispatcherServlet.doDispatch(DispatcherServlet.java:963) ~[spring-webmvc-7.0.6.jar:7.0.6]
	at org.springframework.web.servlet.DispatcherServlet.doService(DispatcherServlet.java:866) ~[spring-webmvc-7.0.6.jar:7.0.6]
	at org.springframework.web.servlet.FrameworkServlet.processRequest(FrameworkServlet.java:1000) ~[spring-webmvc-7.0.6.jar:7.0.6]
	at org.springframework.web.servlet.FrameworkServlet.doGet(FrameworkServlet.java:892) ~[spring-webmvc-7.0.6.jar:7.0.6]
	at jakarta.servlet.http.HttpServlet.service(HttpServlet.java:622) ~[tomcat-embed-core-11.0.20.jar:6.1]
	at org.springframework.web.servlet.FrameworkServlet.service(FrameworkServlet.java:874) ~[spring-webmvc-7.0.6.jar:7.0.6]
	at jakarta.servlet.http.HttpServlet.service(HttpServlet.java:710) ~[tomcat-embed-core-11.0.20.jar:6.1]
	at org.apache.catalina.core.ApplicationFilterChain.doFilter(ApplicationFilterChain.java:128) ~[tomcat-embed-core-11.0.20.jar:11.0.20]
	at org.apache.tomcat.websocket.server.WsFilter.doFilter(WsFilter.java:53) ~[tomcat-embed-websocket-11.0.20.jar:11.0.20]
	at org.apache.catalina.core.ApplicationFilterChain.doFilter(ApplicationFilterChain.java:107) ~[tomcat-embed-core-11.0.20.jar:11.0.20]
	at org.springframework.web.filter.RequestContextFilter.doFilterInternal(RequestContextFilter.java:100) ~[spring-web-7.0.6.jar:7.0.6]
	at org.springframework.web.filter.OncePerRequestFilter.doFilter(OncePerRequestFilter.java:116) ~[spring-web-7.0.6.jar:7.0.6]
	at org.apache.catalina.core.ApplicationFilterChain.doFilter(ApplicationFilterChain.java:107) ~[tomcat-embed-core-11.0.20.jar:11.0.20]
	at org.springframework.web.filter.FormContentFilter.doFilterInternal(FormContentFilter.java:93) ~[spring-web-7.0.6.jar:7.0.6]
	at org.springframework.web.filter.OncePerRequestFilter.doFilter(OncePerRequestFilter.java:116) ~[spring-web-7.0.6.jar:7.0.6]
	at org.apache.catalina.core.ApplicationFilterChain.doFilter(ApplicationFilterChain.java:107) ~[tomcat-embed-core-11.0.20.jar:11.0.20]
	at org.springframework.web.filter.CharacterEncodingFilter.doFilterInternal(CharacterEncodingFilter.java:199) ~[spring-web-7.0.6.jar:7.0.6]
	at org.springframework.web.filter.OncePerRequestFilter.doFilter(OncePerRequestFilter.java:116) ~[spring-web-7.0.6.jar:7.0.6]
	at org.apache.catalina.core.ApplicationFilterChain.doFilter(ApplicationFilterChain.java:107) ~[tomcat-embed-core-11.0.20.jar:11.0.20]
	at org.apache.catalina.core.StandardWrapperValve.invoke(StandardWrapperValve.java:165) ~[tomcat-embed-core-11.0.20.jar:11.0.20]
	at org.apache.catalina.core.StandardContextValve.invoke(StandardContextValve.java:77) ~[tomcat-embed-core-11.0.20.jar:11.0.20]
	at org.apache.catalina.authenticator.AuthenticatorBase.invoke(AuthenticatorBase.java:492) ~[tomcat-embed-core-11.0.20.jar:11.0.20]
	at org.apache.catalina.core.StandardHostValve.invoke(StandardHostValve.java:113) ~[tomcat-embed-core-11.0.20.jar:11.0.20]
	at org.apache.catalina.valves.ErrorReportValve.invoke(ErrorReportValve.java:83) ~[tomcat-embed-core-11.0.20.jar:11.0.20]
	at org.apache.catalina.core.StandardEngineValve.invoke(StandardEngineValve.java:72) ~[tomcat-embed-core-11.0.20.jar:11.0.20]
	at org.apache.catalina.connector.CoyoteAdapter.service(CoyoteAdapter.java:341) ~[tomcat-embed-core-11.0.20.jar:11.0.20]
	at org.apache.coyote.http11.Http11Processor.service(Http11Processor.java:397) ~[tomcat-embed-core-11.0.20.jar:11.0.20]
	at org.apache.coyote.AbstractProcessorLight.process(AbstractProcessorLight.java:63) ~[tomcat-embed-core-11.0.20.jar:11.0.20]
	at org.apache.coyote.AbstractProtocol$ConnectionHandler.process(AbstractProtocol.java:903) ~[tomcat-embed-core-11.0.20.jar:11.0.20]
	at org.apache.tomcat.util.net.NioEndpoint$SocketProcessor.doRun(NioEndpoint.java:1779) ~[tomcat-embed-core-11.0.20.jar:11.0.20]
	at org.apache.tomcat.util.net.SocketProcessorBase.run(SocketProcessorBase.java:52) ~[tomcat-embed-core-11.0.20.jar:11.0.20]
	at org.apache.tomcat.util.threads.ThreadPoolExecutor.runWorker(ThreadPoolExecutor.java:946) ~[tomcat-embed-core-11.0.20.jar:11.0.20]
	at org.apache.tomcat.util.threads.ThreadPoolExecutor$Worker.run(ThreadPoolExecutor.java:480) ~[tomcat-embed-core-11.0.20.jar:11.0.20]
	at org.apache.tomcat.util.threads.TaskThread$WrappingRunnable.run(TaskThread.java:57) ~[tomcat-embed-core-11.0.20.jar:11.0.20]
	at java.base/java.lang.Thread.run(Thread.java:1583) ~[na:na]

2026-04-07T10:33:33.627+05:30 ERROR 46125 --- [Student Service Management System] [http-nio-8080-exec-6] c.e.s.exception.GlobalExceptionHandler   : Unexpected error: No static resource api/students/C001 for request '/api/students/C001'.

org.springframework.web.servlet.resource.NoResourceFoundException: No static resource api/students/C001 for request '/api/students/C001'.
	at org.springframework.web.servlet.resource.ResourceHttpRequestHandler.handleRequest(ResourceHttpRequestHandler.java:527) ~[spring-webmvc-7.0.6.jar:7.0.6]
	at org.springframework.web.servlet.mvc.HttpRequestHandlerAdapter.handle(HttpRequestHandlerAdapter.java:50) ~[spring-webmvc-7.0.6.jar:7.0.6]
	at org.springframework.web.servlet.DispatcherServlet.doDispatch(DispatcherServlet.java:963) ~[spring-webmvc-7.0.6.jar:7.0.6]
	at org.springframework.web.servlet.DispatcherServlet.doService(DispatcherServlet.java:866) ~[spring-webmvc-7.0.6.jar:7.0.6]
	at org.springframework.web.servlet.FrameworkServlet.processRequest(FrameworkServlet.java:1000) ~[spring-webmvc-7.0.6.jar:7.0.6]
	at org.springframework.web.servlet.FrameworkServlet.doGet(FrameworkServlet.java:892) ~[spring-webmvc-7.0.6.jar:7.0.6]
	at jakarta.servlet.http.HttpServlet.service(HttpServlet.java:622) ~[tomcat-embed-core-11.0.20.jar:6.1]
	at org.springframework.web.servlet.FrameworkServlet.service(FrameworkServlet.java:874) ~[spring-webmvc-7.0.6.jar:7.0.6]
	at jakarta.servlet.http.HttpServlet.service(HttpServlet.java:710) ~[tomcat-embed-core-11.0.20.jar:6.1]
	at org.apache.catalina.core.ApplicationFilterChain.doFilter(ApplicationFilterChain.java:128) ~[tomcat-embed-core-11.0.20.jar:11.0.20]
	at org.apache.tomcat.websocket.server.WsFilter.doFilter(WsFilter.java:53) ~[tomcat-embed-websocket-11.0.20.jar:11.0.20]
	at org.apache.catalina.core.ApplicationFilterChain.doFilter(ApplicationFilterChain.java:107) ~[tomcat-embed-core-11.0.20.jar:11.0.20]
	at org.springframework.web.filter.RequestContextFilter.doFilterInternal(RequestContextFilter.java:100) ~[spring-web-7.0.6.jar:7.0.6]
	at org.springframework.web.filter.OncePerRequestFilter.doFilter(OncePerRequestFilter.java:116) ~[spring-web-7.0.6.jar:7.0.6]
	at org.apache.catalina.core.ApplicationFilterChain.doFilter(ApplicationFilterChain.java:107) ~[tomcat-embed-core-11.0.20.jar:11.0.20]
	at org.springframework.web.filter.FormContentFilter.doFilterInternal(FormContentFilter.java:93) ~[spring-web-7.0.6.jar:7.0.6]
	at org.springframework.web.filter.OncePerRequestFilter.doFilter(OncePerRequestFilter.java:116) ~[spring-web-7.0.6.jar:7.0.6]
	at org.apache.catalina.core.ApplicationFilterChain.doFilter(ApplicationFilterChain.java:107) ~[tomcat-embed-core-11.0.20.jar:11.0.20]
	at org.springframework.web.filter.CharacterEncodingFilter.doFilterInternal(CharacterEncodingFilter.java:199) ~[spring-web-7.0.6.jar:7.0.6]
	at org.springframework.web.filter.OncePerRequestFilter.doFilter(OncePerRequestFilter.java:116) ~[spring-web-7.0.6.jar:7.0.6]
	at org.apache.catalina.core.ApplicationFilterChain.doFilter(ApplicationFilterChain.java:107) ~[tomcat-embed-core-11.0.20.jar:11.0.20]
	at org.apache.catalina.core.StandardWrapperValve.invoke(StandardWrapperValve.java:165) ~[tomcat-embed-core-11.0.20.jar:11.0.20]
	at org.apache.catalina.core.StandardContextValve.invoke(StandardContextValve.java:77) ~[tomcat-embed-core-11.0.20.jar:11.0.20]
	at org.apache.catalina.authenticator.AuthenticatorBase.invoke(AuthenticatorBase.java:492) ~[tomcat-embed-core-11.0.20.jar:11.0.20]
	at org.apache.catalina.core.StandardHostValve.invoke(StandardHostValve.java:113) ~[tomcat-embed-core-11.0.20.jar:11.0.20]
	at org.apache.catalina.valves.ErrorReportValve.invoke(ErrorReportValve.java:83) ~[tomcat-embed-core-11.0.20.jar:11.0.20]
	at org.apache.catalina.core.StandardEngineValve.invoke(StandardEngineValve.java:72) ~[tomcat-embed-core-11.0.20.jar:11.0.20]
	at org.apache.catalina.connector.CoyoteAdapter.service(CoyoteAdapter.java:341) ~[tomcat-embed-core-11.0.20.jar:11.0.20]
	at org.apache.coyote.http11.Http11Processor.service(Http11Processor.java:397) ~[tomcat-embed-core-11.0.20.jar:11.0.20]
	at org.apache.coyote.AbstractProcessorLight.process(AbstractProcessorLight.java:63) ~[tomcat-embed-core-11.0.20.jar:11.0.20]
	at org.apache.coyote.AbstractProtocol$ConnectionHandler.process(AbstractProtocol.java:903) ~[tomcat-embed-core-11.0.20.jar:11.0.20]
	at org.apache.tomcat.util.net.NioEndpoint$SocketProcessor.doRun(NioEndpoint.java:1779) ~[tomcat-embed-core-11.0.20.jar:11.0.20]
	at org.apache.tomcat.util.net.SocketProcessorBase.run(SocketProcessorBase.java:52) ~[tomcat-embed-core-11.0.20.jar:11.0.20]
	at org.apache.tomcat.util.threads.ThreadPoolExecutor.runWorker(ThreadPoolExecutor.java:946) ~[tomcat-embed-core-11.0.20.jar:11.0.20]
	at org.apache.tomcat.util.threads.ThreadPoolExecutor$Worker.run(ThreadPoolExecutor.java:480) ~[tomcat-embed-core-11.0.20.jar:11.0.20]
	at org.apache.tomcat.util.threads.TaskThread$WrappingRunnable.run(TaskThread.java:57) ~[tomcat-embed-core-11.0.20.jar:11.0.20]
	at java.base/java.lang.Thread.run(Thread.java:1583) ~[na:na]

2026-04-07T10:33:33.632+05:30 ERROR 46125 --- [Student Service Management System] [http-nio-8080-exec-7] c.e.s.exception.GlobalExceptionHandler   : Unexpected error: No static resource api/students/C001 for request '/api/students/C001'.

org.springframework.web.servlet.resource.NoResourceFoundException: No static resource api/students/C001 for request '/api/students/C001'.
	at org.springframework.web.servlet.resource.ResourceHttpRequestHandler.handleRequest(ResourceHttpRequestHandler.java:527) ~[spring-webmvc-7.0.6.jar:7.0.6]
	at org.springframework.web.servlet.mvc.HttpRequestHandlerAdapter.handle(HttpRequestHandlerAdapter.java:50) ~[spring-webmvc-7.0.6.jar:7.0.6]
	at org.springframework.web.servlet.DispatcherServlet.doDispatch(DispatcherServlet.java:963) ~[spring-webmvc-7.0.6.jar:7.0.6]
	at org.springframework.web.servlet.DispatcherServlet.doService(DispatcherServlet.java:866) ~[spring-webmvc-7.0.6.jar:7.0.6]
	at org.springframework.web.servlet.FrameworkServlet.processRequest(FrameworkServlet.java:1000) ~[spring-webmvc-7.0.6.jar:7.0.6]
	at org.springframework.web.servlet.FrameworkServlet.doGet(FrameworkServlet.java:892) ~[spring-webmvc-7.0.6.jar:7.0.6]
	at jakarta.servlet.http.HttpServlet.service(HttpServlet.java:622) ~[tomcat-embed-core-11.0.20.jar:6.1]
	at org.springframework.web.servlet.FrameworkServlet.service(FrameworkServlet.java:874) ~[spring-webmvc-7.0.6.jar:7.0.6]
	at jakarta.servlet.http.HttpServlet.service(HttpServlet.java:710) ~[tomcat-embed-core-11.0.20.jar:6.1]
	at org.apache.catalina.core.ApplicationFilterChain.doFilter(ApplicationFilterChain.java:128) ~[tomcat-embed-core-11.0.20.jar:11.0.20]
	at org.apache.tomcat.websocket.server.WsFilter.doFilter(WsFilter.java:53) ~[tomcat-embed-websocket-11.0.20.jar:11.0.20]
	at org.apache.catalina.core.ApplicationFilterChain.doFilter(ApplicationFilterChain.java:107) ~[tomcat-embed-core-11.0.20.jar:11.0.20]
	at org.springframework.web.filter.RequestContextFilter.doFilterInternal(RequestContextFilter.java:100) ~[spring-web-7.0.6.jar:7.0.6]
	at org.springframework.web.filter.OncePerRequestFilter.doFilter(OncePerRequestFilter.java:116) ~[spring-web-7.0.6.jar:7.0.6]
	at org.apache.catalina.core.ApplicationFilterChain.doFilter(ApplicationFilterChain.java:107) ~[tomcat-embed-core-11.0.20.jar:11.0.20]
	at org.springframework.web.filter.FormContentFilter.doFilterInternal(FormContentFilter.java:93) ~[spring-web-7.0.6.jar:7.0.6]
	at org.springframework.web.filter.OncePerRequestFilter.doFilter(OncePerRequestFilter.java:116) ~[spring-web-7.0.6.jar:7.0.6]
	at org.apache.catalina.core.ApplicationFilterChain.doFilter(ApplicationFilterChain.java:107) ~[tomcat-embed-core-11.0.20.jar:11.0.20]
	at org.springframework.web.filter.CharacterEncodingFilter.doFilterInternal(CharacterEncodingFilter.java:199) ~[spring-web-7.0.6.jar:7.0.6]
	at org.springframework.web.filter.OncePerRequestFilter.doFilter(OncePerRequestFilter.java:116) ~[spring-web-7.0.6.jar:7.0.6]
	at org.apache.catalina.core.ApplicationFilterChain.doFilter(ApplicationFilterChain.java:107) ~[tomcat-embed-core-11.0.20.jar:11.0.20]
	at org.apache.catalina.core.StandardWrapperValve.invoke(StandardWrapperValve.java:165) ~[tomcat-embed-core-11.0.20.jar:11.0.20]
	at org.apache.catalina.core.StandardContextValve.invoke(StandardContextValve.java:77) ~[tomcat-embed-core-11.0.20.jar:11.0.20]
	at org.apache.catalina.authenticator.AuthenticatorBase.invoke(AuthenticatorBase.java:492) ~[tomcat-embed-core-11.0.20.jar:11.0.20]
	at org.apache.catalina.core.StandardHostValve.invoke(StandardHostValve.java:113) ~[tomcat-embed-core-11.0.20.jar:11.0.20]
	at org.apache.catalina.valves.ErrorReportValve.invoke(ErrorReportValve.java:83) ~[tomcat-embed-core-11.0.20.jar:11.0.20]
	at org.apache.catalina.core.StandardEngineValve.invoke(StandardEngineValve.java:72) ~[tomcat-embed-core-11.0.20.jar:11.0.20]
	at org.apache.catalina.connector.CoyoteAdapter.service(CoyoteAdapter.java:341) ~[tomcat-embed-core-11.0.20.jar:11.0.20]
	at org.apache.coyote.http11.Http11Processor.service(Http11Processor.java:397) ~[tomcat-embed-core-11.0.20.jar:11.0.20]
	at org.apache.coyote.AbstractProcessorLight.process(AbstractProcessorLight.java:63) ~[tomcat-embed-core-11.0.20.jar:11.0.20]
	at org.apache.coyote.AbstractProtocol$ConnectionHandler.process(AbstractProtocol.java:903) ~[tomcat-embed-core-11.0.20.jar:11.0.20]
	at org.apache.tomcat.util.net.NioEndpoint$SocketProcessor.doRun(NioEndpoint.java:1779) ~[tomcat-embed-core-11.0.20.jar:11.0.20]
	at org.apache.tomcat.util.net.SocketProcessorBase.run(SocketProcessorBase.java:52) ~[tomcat-embed-core-11.0.20.jar:11.0.20]
	at org.apache.tomcat.util.threads.ThreadPoolExecutor.runWorker(ThreadPoolExecutor.java:946) ~[tomcat-embed-core-11.0.20.jar:11.0.20]
	at org.apache.tomcat.util.threads.ThreadPoolExecutor$Worker.run(ThreadPoolExecutor.java:480) ~[tomcat-embed-core-11.0.20.jar:11.0.20]
	at org.apache.tomcat.util.threads.TaskThread$WrappingRunnable.run(TaskThread.java:57) ~[tomcat-embed-core-11.0.20.jar:11.0.20]
	at java.base/java.lang.Thread.run(Thread.java:1583) ~[na:na]

2026-04-07T10:34:26.352+05:30 ERROR 46125 --- [Student Service Management System] [http-nio-8080-exec-8] c.e.s.exception.GlobalExceptionHandler   : Unexpected error: No static resource api/students/C001 for request '/api/students/C001'.

org.springframework.web.servlet.resource.NoResourceFoundException: No static resource api/students/C001 for request '/api/students/C001'.
	at org.springframework.web.servlet.resource.ResourceHttpRequestHandler.handleRequest(ResourceHttpRequestHandler.java:527) ~[spring-webmvc-7.0.6.jar:7.0.6]
	at org.springframework.web.servlet.mvc.HttpRequestHandlerAdapter.handle(HttpRequestHandlerAdapter.java:50) ~[spring-webmvc-7.0.6.jar:7.0.6]
	at org.springframework.web.servlet.DispatcherServlet.doDispatch(DispatcherServlet.java:963) ~[spring-webmvc-7.0.6.jar:7.0.6]
	at org.springframework.web.servlet.DispatcherServlet.doService(DispatcherServlet.java:866) ~[spring-webmvc-7.0.6.jar:7.0.6]
	at org.springframework.web.servlet.FrameworkServlet.processRequest(FrameworkServlet.java:1000) ~[spring-webmvc-7.0.6.jar:7.0.6]
	at org.springframework.web.servlet.FrameworkServlet.doGet(FrameworkServlet.java:892) ~[spring-webmvc-7.0.6.jar:7.0.6]
	at jakarta.servlet.http.HttpServlet.service(HttpServlet.java:622) ~[tomcat-embed-core-11.0.20.jar:6.1]
	at org.springframework.web.servlet.FrameworkServlet.service(FrameworkServlet.java:874) ~[spring-webmvc-7.0.6.jar:7.0.6]
	at jakarta.servlet.http.HttpServlet.service(HttpServlet.java:710) ~[tomcat-embed-core-11.0.20.jar:6.1]
	at org.apache.catalina.core.ApplicationFilterChain.doFilter(ApplicationFilterChain.java:128) ~[tomcat-embed-core-11.0.20.jar:11.0.20]
	at org.apache.tomcat.websocket.server.WsFilter.doFilter(WsFilter.java:53) ~[tomcat-embed-websocket-11.0.20.jar:11.0.20]
	at org.apache.catalina.core.ApplicationFilterChain.doFilter(ApplicationFilterChain.java:107) ~[tomcat-embed-core-11.0.20.jar:11.0.20]
	at org.springframework.web.filter.RequestContextFilter.doFilterInternal(RequestContextFilter.java:100) ~[spring-web-7.0.6.jar:7.0.6]
	at org.springframework.web.filter.OncePerRequestFilter.doFilter(OncePerRequestFilter.java:116) ~[spring-web-7.0.6.jar:7.0.6]
	at org.apache.catalina.core.ApplicationFilterChain.doFilter(ApplicationFilterChain.java:107) ~[tomcat-embed-core-11.0.20.jar:11.0.20]
	at org.springframework.web.filter.FormContentFilter.doFilterInternal(FormContentFilter.java:93) ~[spring-web-7.0.6.jar:7.0.6]
	at org.springframework.web.filter.OncePerRequestFilter.doFilter(OncePerRequestFilter.java:116) ~[spring-web-7.0.6.jar:7.0.6]
	at org.apache.catalina.core.ApplicationFilterChain.doFilter(ApplicationFilterChain.java:107) ~[tomcat-embed-core-11.0.20.jar:11.0.20]
	at org.springframework.web.filter.CharacterEncodingFilter.doFilterInternal(CharacterEncodingFilter.java:199) ~[spring-web-7.0.6.jar:7.0.6]
	at org.springframework.web.filter.OncePerRequestFilter.doFilter(OncePerRequestFilter.java:116) ~[spring-web-7.0.6.jar:7.0.6]
	at org.apache.catalina.core.ApplicationFilterChain.doFilter(ApplicationFilterChain.java:107) ~[tomcat-embed-core-11.0.20.jar:11.0.20]
	at org.apache.catalina.core.StandardWrapperValve.invoke(StandardWrapperValve.java:165) ~[tomcat-embed-core-11.0.20.jar:11.0.20]
	at org.apache.catalina.core.StandardContextValve.invoke(StandardContextValve.java:77) ~[tomcat-embed-core-11.0.20.jar:11.0.20]
	at org.apache.catalina.authenticator.AuthenticatorBase.invoke(AuthenticatorBase.java:492) ~[tomcat-embed-core-11.0.20.jar:11.0.20]
	at org.apache.catalina.core.StandardHostValve.invoke(StandardHostValve.java:113) ~[tomcat-embed-core-11.0.20.jar:11.0.20]
	at org.apache.catalina.valves.ErrorReportValve.invoke(ErrorReportValve.java:83) ~[tomcat-embed-core-11.0.20.jar:11.0.20]
	at org.apache.catalina.core.StandardEngineValve.invoke(StandardEngineValve.java:72) ~[tomcat-embed-core-11.0.20.jar:11.0.20]
	at org.apache.catalina.connector.CoyoteAdapter.service(CoyoteAdapter.java:341) ~[tomcat-embed-core-11.0.20.jar:11.0.20]
	at org.apache.coyote.http11.Http11Processor.service(Http11Processor.java:397) ~[tomcat-embed-core-11.0.20.jar:11.0.20]
	at org.apache.coyote.AbstractProcessorLight.process(AbstractProcessorLight.java:63) ~[tomcat-embed-core-11.0.20.jar:11.0.20]
	at org.apache.coyote.AbstractProtocol$ConnectionHandler.process(AbstractProtocol.java:903) ~[tomcat-embed-core-11.0.20.jar:11.0.20]
	at org.apache.tomcat.util.net.NioEndpoint$SocketProcessor.doRun(NioEndpoint.java:1779) ~[tomcat-embed-core-11.0.20.jar:11.0.20]
	at org.apache.tomcat.util.net.SocketProcessorBase.run(SocketProcessorBase.java:52) ~[tomcat-embed-core-11.0.20.jar:11.0.20]
	at org.apache.tomcat.util.threads.ThreadPoolExecutor.runWorker(ThreadPoolExecutor.java:946) ~[tomcat-embed-core-11.0.20.jar:11.0.20]
	at org.apache.tomcat.util.threads.ThreadPoolExecutor$Worker.run(ThreadPoolExecutor.java:480) ~[tomcat-embed-core-11.0.20.jar:11.0.20]
	at org.apache.tomcat.util.threads.TaskThread$WrappingRunnable.run(TaskThread.java:57) ~[tomcat-embed-core-11.0.20.jar:11.0.20]
	at java.base/java.lang.Thread.run(Thread.java:1583) ~[na:na]

2026-04-07T10:34:26.362+05:30 ERROR 46125 --- [Student Service Management System] [http-nio-8080-exec-9] c.e.s.exception.GlobalExceptionHandler   : Unexpected error: No static resource api/students/C001 for request '/api/students/C001'.

org.springframework.web.servlet.resource.NoResourceFoundException: No static resource api/students/C001 for request '/api/students/C001'.
	at org.springframework.web.servlet.resource.ResourceHttpRequestHandler.handleRequest(ResourceHttpRequestHandler.java:527) ~[spring-webmvc-7.0.6.jar:7.0.6]
	at org.springframework.web.servlet.mvc.HttpRequestHandlerAdapter.handle(HttpRequestHandlerAdapter.java:50) ~[spring-webmvc-7.0.6.jar:7.0.6]
	at org.springframework.web.servlet.DispatcherServlet.doDispatch(DispatcherServlet.java:963) ~[spring-webmvc-7.0.6.jar:7.0.6]
	at org.springframework.web.servlet.DispatcherServlet.doService(DispatcherServlet.java:866) ~[spring-webmvc-7.0.6.jar:7.0.6]
	at org.springframework.web.servlet.FrameworkServlet.processRequest(FrameworkServlet.java:1000) ~[spring-webmvc-7.0.6.jar:7.0.6]
	at org.springframework.web.servlet.FrameworkServlet.doGet(FrameworkServlet.java:892) ~[spring-webmvc-7.0.6.jar:7.0.6]
	at jakarta.servlet.http.HttpServlet.service(HttpServlet.java:622) ~[tomcat-embed-core-11.0.20.jar:6.1]
	at org.springframework.web.servlet.FrameworkServlet.service(FrameworkServlet.java:874) ~[spring-webmvc-7.0.6.jar:7.0.6]
	at jakarta.servlet.http.HttpServlet.service(HttpServlet.java:710) ~[tomcat-embed-core-11.0.20.jar:6.1]
	at org.apache.catalina.core.ApplicationFilterChain.doFilter(ApplicationFilterChain.java:128) ~[tomcat-embed-core-11.0.20.jar:11.0.20]
	at org.apache.tomcat.websocket.server.WsFilter.doFilter(WsFilter.java:53) ~[tomcat-embed-websocket-11.0.20.jar:11.0.20]
	at org.apache.catalina.core.ApplicationFilterChain.doFilter(ApplicationFilterChain.java:107) ~[tomcat-embed-core-11.0.20.jar:11.0.20]
	at org.springframework.web.filter.RequestContextFilter.doFilterInternal(RequestContextFilter.java:100) ~[spring-web-7.0.6.jar:7.0.6]
	at org.springframework.web.filter.OncePerRequestFilter.doFilter(OncePerRequestFilter.java:116) ~[spring-web-7.0.6.jar:7.0.6]
	at org.apache.catalina.core.ApplicationFilterChain.doFilter(ApplicationFilterChain.java:107) ~[tomcat-embed-core-11.0.20.jar:11.0.20]
	at org.springframework.web.filter.FormContentFilter.doFilterInternal(FormContentFilter.java:93) ~[spring-web-7.0.6.jar:7.0.6]
	at org.springframework.web.filter.OncePerRequestFilter.doFilter(OncePerRequestFilter.java:116) ~[spring-web-7.0.6.jar:7.0.6]
	at org.apache.catalina.core.ApplicationFilterChain.doFilter(ApplicationFilterChain.java:107) ~[tomcat-embed-core-11.0.20.jar:11.0.20]
	at org.springframework.web.filter.CharacterEncodingFilter.doFilterInternal(CharacterEncodingFilter.java:199) ~[spring-web-7.0.6.jar:7.0.6]
	at org.springframework.web.filter.OncePerRequestFilter.doFilter(OncePerRequestFilter.java:116) ~[spring-web-7.0.6.jar:7.0.6]
	at org.apache.catalina.core.ApplicationFilterChain.doFilter(ApplicationFilterChain.java:107) ~[tomcat-embed-core-11.0.20.jar:11.0.20]
	at org.apache.catalina.core.StandardWrapperValve.invoke(StandardWrapperValve.java:165) ~[tomcat-embed-core-11.0.20.jar:11.0.20]
	at org.apache.catalina.core.StandardContextValve.invoke(StandardContextValve.java:77) ~[tomcat-embed-core-11.0.20.jar:11.0.20]
	at org.apache.catalina.authenticator.AuthenticatorBase.invoke(AuthenticatorBase.java:492) ~[tomcat-embed-core-11.0.20.jar:11.0.20]
	at org.apache.catalina.core.StandardHostValve.invoke(StandardHostValve.java:113) ~[tomcat-embed-core-11.0.20.jar:11.0.20]
	at org.apache.catalina.valves.ErrorReportValve.invoke(ErrorReportValve.java:83) ~[tomcat-embed-core-11.0.20.jar:11.0.20]
	at org.apache.catalina.core.StandardEngineValve.invoke(StandardEngineValve.java:72) ~[tomcat-embed-core-11.0.20.jar:11.0.20]
	at org.apache.catalina.connector.CoyoteAdapter.service(CoyoteAdapter.java:341) ~[tomcat-embed-core-11.0.20.jar:11.0.20]
	at org.apache.coyote.http11.Http11Processor.service(Http11Processor.java:397) ~[tomcat-embed-core-11.0.20.jar:11.0.20]
	at org.apache.coyote.AbstractProcessorLight.process(AbstractProcessorLight.java:63) ~[tomcat-embed-core-11.0.20.jar:11.0.20]
	at org.apache.coyote.AbstractProtocol$ConnectionHandler.process(AbstractProtocol.java:903) ~[tomcat-embed-core-11.0.20.jar:11.0.20]
	at org.apache.tomcat.util.net.NioEndpoint$SocketProcessor.doRun(NioEndpoint.java:1779) ~[tomcat-embed-core-11.0.20.jar:11.0.20]
	at org.apache.tomcat.util.net.SocketProcessorBase.run(SocketProcessorBase.java:52) ~[tomcat-embed-core-11.0.20.jar:11.0.20]
	at org.apache.tomcat.util.threads.ThreadPoolExecutor.runWorker(ThreadPoolExecutor.java:946) ~[tomcat-embed-core-11.0.20.jar:11.0.20]
	at org.apache.tomcat.util.threads.ThreadPoolExecutor$Worker.run(ThreadPoolExecutor.java:480) ~[tomcat-embed-core-11.0.20.jar:11.0.20]
	at org.apache.tomcat.util.threads.TaskThread$WrappingRunnable.run(TaskThread.java:57) ~[tomcat-embed-core-11.0.20.jar:11.0.20]
	at java.base/java.lang.Thread.run(Thread.java:1583) ~[na:na]

2026-04-07T10:37:19.286+05:30  INFO 46125 --- [Student Service Management System] [http-nio-8080-exec-4] c.e.s.controller.StudentController       : Received request to fetch student with ID: 1
2026-04-07T10:37:19.287+05:30  INFO 46125 --- [Student Service Management System] [http-nio-8080-exec-4] c.e.s.service.impl.StudentServiceImpl    : Fetching student with ID: 1
2026-04-07T10:37:19.375+05:30  INFO 46125 --- [Student Service Management System] [http-nio-8080-exec-4] c.e.s.controller.StudentController       : Fetched student successfully with ID: 1
2026-04-07T10:37:19.473+05:30  INFO 46125 --- [Student Service Management System] [http-nio-8080-exec-5] c.e.s.controller.StudentController       : Received request to fetch student with ID: 1
2026-04-07T10:37:19.473+05:30  INFO 46125 --- [Student Service Management System] [http-nio-8080-exec-5] c.e.s.service.impl.StudentServiceImpl    : Fetching student with ID: 1
2026-04-07T10:37:19.513+05:30  INFO 46125 --- [Student Service Management System] [http-nio-8080-exec-5] c.e.s.controller.StudentController       : Fetched student successfully with ID: 1
2026-04-07T10:37:24.040+05:30  INFO 46125 --- [Student Service Management System] [http-nio-8080-exec-6] c.e.s.controller.StudentController       : Received request to fetch student with ID: 1
2026-04-07T10:37:24.041+05:30  INFO 46125 --- [Student Service Management System] [http-nio-8080-exec-6] c.e.s.service.impl.StudentServiceImpl    : Fetching student with ID: 1
2026-04-07T10:37:24.075+05:30  INFO 46125 --- [Student Service Management System] [http-nio-8080-exec-6] c.e.s.controller.StudentController       : Fetched student successfully with ID: 1
2026-04-07T10:37:24.084+05:30  INFO 46125 --- [Student Service Management System] [http-nio-8080-exec-7] c.e.s.controller.StudentController       : Received request to fetch student with ID: 1
2026-04-07T10:37:24.085+05:30  INFO 46125 --- [Student Service Management System] [http-nio-8080-exec-7] c.e.s.service.impl.StudentServiceImpl    : Fetching student with ID: 1
2026-04-07T10:37:24.088+05:30  INFO 46125 --- [Student Service Management System] [http-nio-8080-exec-7] c.e.s.controller.StudentController       : Fetched student successfully with ID: 1
2026-04-07T10:44:52.763+05:30  WARN 46125 --- [Student Service Management System] [HikariPool-1:housekeeper] com.zaxxer.hikari.pool.PoolBase          : HikariPool-1 - Failed to validate connection com.mysql.cj.jdbc.ConnectionImpl@244b8ee (No operations allowed after connection closed.). Possibly consider using a shorter maxLifetime value.
2026-04-07T10:44:52.764+05:30  WARN 46125 --- [Student Service Management System] [HikariPool-1:housekeeper] com.zaxxer.hikari.pool.HikariPool        : HikariPool-1 - Thread starvation or clock leap detected (housekeeper delta=49s986ms766µs736ns).
2026-04-07T10:45:04.112+05:30  INFO 46125 --- [Student Service Management System] [SpringApplicationShutdownHook] o.s.boot.tomcat.GracefulShutdown         : Commencing graceful shutdown. Waiting for active requests to complete
2026-04-07T10:45:04.117+05:30  INFO 46125 --- [Student Service Management System] [tomcat-shutdown] o.s.boot.tomcat.GracefulShutdown         : Graceful shutdown complete
2026-04-07T10:45:04.122+05:30  INFO 46125 --- [Student Service Management System] [SpringApplicationShutdownHook] j.LocalContainerEntityManagerFactoryBean : Closing JPA EntityManagerFactory for persistence unit 'default'
2026-04-07T10:45:04.129+05:30  INFO 46125 --- [Student Service Management System] [SpringApplicationShutdownHook] com.zaxxer.hikari.HikariDataSource       : HikariPool-1 - Shutdown initiated...
2026-04-07T10:45:04.132+05:30  INFO 46125 --- [Student Service Management System] [SpringApplicationShutdownHook] com.zaxxer.hikari.HikariDataSource       : HikariPool-1 - Shutdown completed.
2026-04-07T11:07:22.746+05:30  INFO 122404 --- [Student Service Management System] [main] tudentServiceManagementSystemApplication : Starting StudentServiceManagementSystemApplication using Java 21.0.8 with PID 122404 (/home/shasidu/Documents/ijse/Intern_project/Student Service Management System/target/classes started by shasidu in /home/shasidu/Documents/ijse/Intern_project/Student Service Management System)
2026-04-07T11:07:22.748+05:30  INFO 122404 --- [Student Service Management System] [main] tudentServiceManagementSystemApplication : No active profile set, falling back to 1 default profile: "default"
2026-04-07T11:07:23.186+05:30  INFO 122404 --- [Student Service Management System] [main] .s.d.r.c.RepositoryConfigurationDelegate : Bootstrapping Spring Data JPA repositories in DEFAULT mode.
2026-04-07T11:07:23.311+05:30  INFO 122404 --- [Student Service Management System] [main] .s.d.r.c.RepositoryConfigurationDelegate : Finished Spring Data repository scanning in 116 ms. Found 1 JPA repository interface.
2026-04-07T11:07:23.705+05:30  INFO 122404 --- [Student Service Management System] [main] o.s.boot.tomcat.TomcatWebServer          : Tomcat initialized with port 8080 (http)
2026-04-07T11:07:23.715+05:30  INFO 122404 --- [Student Service Management System] [main] o.apache.catalina.core.StandardService   : Starting service [Tomcat]
2026-04-07T11:07:23.715+05:30  INFO 122404 --- [Student Service Management System] [main] o.apache.catalina.core.StandardEngine    : Starting Servlet engine: [Apache Tomcat/11.0.20]
2026-04-07T11:07:23.744+05:30  INFO 122404 --- [Student Service Management System] [main] b.w.c.s.WebApplicationContextInitializer : Root WebApplicationContext: initialization completed in 973 ms
2026-04-07T11:07:23.870+05:30  INFO 122404 --- [Student Service Management System] [main] org.hibernate.orm.jpa                    : HHH008540: Processing PersistenceUnitInfo [name: default]
2026-04-07T11:07:23.922+05:30  INFO 122404 --- [Student Service Management System] [main] org.hibernate.orm.core                   : HHH000001: Hibernate ORM core version 7.2.7.Final
2026-04-07T11:07:24.195+05:30  INFO 122404 --- [Student Service Management System] [main] o.s.o.j.p.SpringPersistenceUnitInfo      : No LoadTimeWeaver setup: ignoring JPA class transformer
2026-04-07T11:07:24.214+05:30  INFO 122404 --- [Student Service Management System] [main] com.zaxxer.hikari.HikariDataSource       : HikariPool-1 - Starting...
2026-04-07T11:07:24.470+05:30  INFO 122404 --- [Student Service Management System] [main] com.zaxxer.hikari.pool.HikariPool        : HikariPool-1 - Added connection com.mysql.cj.jdbc.ConnectionImpl@5db04bd2
2026-04-07T11:07:24.472+05:30  INFO 122404 --- [Student Service Management System] [main] com.zaxxer.hikari.HikariDataSource       : HikariPool-1 - Start completed.
2026-04-07T11:07:24.515+05:30  WARN 122404 --- [Student Service Management System] [main] org.hibernate.orm.deprecation            : HHH90000025: MySQLDialect does not need to be specified explicitly using 'hibernate.dialect' (remove the property setting and it will be selected by default)
2026-04-07T11:07:24.524+05:30  INFO 122404 --- [Student Service Management System] [main] org.hibernate.orm.connections.pooling    : HHH10001005: Database info:
	Database JDBC URL [jdbc:mysql://localhost:3306/SSMS_System?createDatabaseIfNotExist=true]
	Database driver: MySQL Connector/J
	Database dialect: MySQLDialect
	Database version: 9.5
	Default catalog/schema: SSMS_System/undefined
	Autocommit mode: undefined/unknown
	Isolation level: REPEATABLE_READ [default REPEATABLE_READ]
	JDBC fetch size: none
	Pool: DataSourceConnectionProvider
	Minimum pool size: undefined/unknown
	Maximum pool size: undefined/unknown
2026-04-07T11:07:25.021+05:30  INFO 122404 --- [Student Service Management System] [main] org.hibernate.orm.core                   : HHH000489: No JTA platform available (set 'hibernate.transaction.jta.platform' to enable JTA platform integration)
2026-04-07T11:07:25.067+05:30  INFO 122404 --- [Student Service Management System] [main] j.LocalContainerEntityManagerFactoryBean : Initialized JPA EntityManagerFactory for persistence unit 'default'
2026-04-07T11:07:25.117+05:30  INFO 122404 --- [Student Service Management System] [main] o.s.d.j.r.query.QueryEnhancerFactories   : Hibernate is in classpath; If applicable, HQL parser will be used.
2026-04-07T11:07:25.359+05:30  WARN 122404 --- [Student Service Management System] [main] JpaBaseConfiguration$JpaWebConfiguration : spring.jpa.open-in-view is enabled by default. Therefore, database queries may be performed during view rendering. Explicitly configure spring.jpa.open-in-view to disable this warning
2026-04-07T11:07:25.534+05:30  INFO 122404 --- [Student Service Management System] [main] o.s.boot.tomcat.TomcatWebServer          : Tomcat started on port 8080 (http) with context path '/'
2026-04-07T11:07:25.538+05:30  INFO 122404 --- [Student Service Management System] [main] tudentServiceManagementSystemApplication : Started StudentServiceManagementSystemApplication in 3.142 seconds (process running for 3.836)
2026-04-07T11:07:30.046+05:30  INFO 122404 --- [Student Service Management System] [http-nio-8080-exec-1] o.a.c.c.C.[Tomcat].[localhost].[/]       : Initializing Spring DispatcherServlet 'dispatcherServlet'
2026-04-07T11:07:30.046+05:30  INFO 122404 --- [Student Service Management System] [http-nio-8080-exec-1] o.s.web.servlet.DispatcherServlet        : Initializing Servlet 'dispatcherServlet'
2026-04-07T11:07:30.047+05:30  INFO 122404 --- [Student Service Management System] [http-nio-8080-exec-1] o.s.web.servlet.DispatcherServlet        : Completed initialization in 1 ms
2026-04-07T11:20:15.020+05:30  INFO 122404 --- [Student Service Management System] [http-nio-8080-exec-1] c.e.s.controller.StudentController       : Received request to fetch student with ID: 1
2026-04-07T11:20:15.021+05:30  INFO 122404 --- [Student Service Management System] [http-nio-8080-exec-1] c.e.s.service.impl.StudentServiceImpl    : Fetching student with ID: 1
2026-04-07T11:20:15.103+05:30  INFO 122404 --- [Student Service Management System] [http-nio-8080-exec-1] c.e.s.controller.StudentController       : Fetched student successfully with ID: 1
2026-04-07T11:20:15.151+05:30  INFO 122404 --- [Student Service Management System] [http-nio-8080-exec-2] c.e.s.controller.StudentController       : Received request to fetch student with ID: 1
2026-04-07T11:20:15.151+05:30  INFO 122404 --- [Student Service Management System] [http-nio-8080-exec-2] c.e.s.service.impl.StudentServiceImpl    : Fetching student with ID: 1
2026-04-07T11:20:15.156+05:30  INFO 122404 --- [Student Service Management System] [http-nio-8080-exec-2] c.e.s.controller.StudentController       : Fetched student successfully with ID: 1
2026-04-07T11:21:54.361+05:30  INFO 122404 --- [Student Service Management System] [http-nio-8080-exec-4] c.e.s.controller.StudentController       : Received request to fetch student with ID: 1
2026-04-07T11:21:54.362+05:30  INFO 122404 --- [Student Service Management System] [http-nio-8080-exec-4] c.e.s.service.impl.StudentServiceImpl    : Fetching student with ID: 1
2026-04-07T11:21:54.366+05:30  INFO 122404 --- [Student Service Management System] [http-nio-8080-exec-5] c.e.s.controller.StudentController       : Received request to fetch all students: page 0, size 5
2026-04-07T11:21:54.367+05:30  INFO 122404 --- [Student Service Management System] [http-nio-8080-exec-5] c.e.s.service.impl.StudentServiceImpl    : Fetching all students: page 0, size 5
2026-04-07T11:21:54.367+05:30  INFO 122404 --- [Student Service Management System] [http-nio-8080-exec-4] c.e.s.controller.StudentController       : Fetched student successfully with ID: 1
2026-04-07T11:21:54.494+05:30  INFO 122404 --- [Student Service Management System] [http-nio-8080-exec-5] c.e.s.service.impl.StudentServiceImpl    : Fetched 5 students
2026-04-07T11:21:54.494+05:30  INFO 122404 --- [Student Service Management System] [http-nio-8080-exec-5] c.e.s.controller.StudentController       : Fetched 5 students
2026-04-07T11:21:54.499+05:30  WARN 122404 --- [Student Service Management System] [http-nio-8080-exec-5] ration$PageModule$WarningLoggingModifier : Serializing PageImpl instances as-is is not supported, meaning that there is no guarantee about the stability of the resulting JSON structure!
	For a stable JSON structure, please use Spring Data's PagedModel (globally via @EnableSpringDataWebSupport(pageSerializationMode = VIA_DTO))
	or Spring HATEOAS and Spring Data's PagedResourcesAssembler as documented in https://docs.spring.io/spring-data/commons/reference/repositories/core-extensions.html#core.web.pageables.

2026-04-07T11:21:57.584+05:30  INFO 122404 --- [Student Service Management System] [http-nio-8080-exec-7] c.e.s.controller.StudentController       : Received request to fetch all students: page 0, size 5
2026-04-07T11:21:57.584+05:30  INFO 122404 --- [Student Service Management System] [http-nio-8080-exec-6] c.e.s.controller.StudentController       : Received request to fetch student with ID: 1
2026-04-07T11:21:57.584+05:30  INFO 122404 --- [Student Service Management System] [http-nio-8080-exec-7] c.e.s.service.impl.StudentServiceImpl    : Fetching all students: page 0, size 5
2026-04-07T11:21:57.584+05:30  INFO 122404 --- [Student Service Management System] [http-nio-8080-exec-6] c.e.s.service.impl.StudentServiceImpl    : Fetching student with ID: 1
2026-04-07T11:21:57.591+05:30  INFO 122404 --- [Student Service Management System] [http-nio-8080-exec-6] c.e.s.controller.StudentController       : Fetched student successfully with ID: 1
2026-04-07T11:21:57.599+05:30  INFO 122404 --- [Student Service Management System] [http-nio-8080-exec-8] c.e.s.controller.StudentController       : Received request to fetch student with ID: 1
2026-04-07T11:21:57.600+05:30  INFO 122404 --- [Student Service Management System] [http-nio-8080-exec-8] c.e.s.service.impl.StudentServiceImpl    : Fetching student with ID: 1
2026-04-07T11:21:57.606+05:30  INFO 122404 --- [Student Service Management System] [http-nio-8080-exec-8] c.e.s.controller.StudentController       : Fetched student successfully with ID: 1
2026-04-07T11:21:57.607+05:30  INFO 122404 --- [Student Service Management System] [http-nio-8080-exec-7] c.e.s.service.impl.StudentServiceImpl    : Fetched 5 students
2026-04-07T11:21:57.607+05:30  INFO 122404 --- [Student Service Management System] [http-nio-8080-exec-7] c.e.s.controller.StudentController       : Fetched 5 students
2026-04-07T11:21:57.612+05:30  INFO 122404 --- [Student Service Management System] [http-nio-8080-exec-9] c.e.s.controller.StudentController       : Received request to fetch all students: page 0, size 5
2026-04-07T11:21:57.613+05:30  INFO 122404 --- [Student Service Management System] [http-nio-8080-exec-9] c.e.s.service.impl.StudentServiceImpl    : Fetching all students: page 0, size 5
2026-04-07T11:21:57.626+05:30  INFO 122404 --- [Student Service Management System] [http-nio-8080-exec-9] c.e.s.service.impl.StudentServiceImpl    : Fetched 5 students
2026-04-07T11:21:57.627+05:30  INFO 122404 --- [Student Service Management System] [http-nio-8080-exec-9] c.e.s.controller.StudentController       : Fetched 5 students
2026-04-07T11:25:47.434+05:30  INFO 122404 --- [Student Service Management System] [http-nio-8080-exec-2] c.e.s.controller.StudentController       : Received request to fetch student with ID: 1
2026-04-07T11:25:47.434+05:30  INFO 122404 --- [Student Service Management System] [http-nio-8080-exec-3] c.e.s.controller.StudentController       : Received request to fetch all students: page 0, size 5
2026-04-07T11:25:47.434+05:30  INFO 122404 --- [Student Service Management System] [http-nio-8080-exec-2] c.e.s.service.impl.StudentServiceImpl    : Fetching student with ID: 1
2026-04-07T11:25:47.434+05:30  INFO 122404 --- [Student Service Management System] [http-nio-8080-exec-3] c.e.s.service.impl.StudentServiceImpl    : Fetching all students: page 0, size 5
2026-04-07T11:25:47.441+05:30  INFO 122404 --- [Student Service Management System] [http-nio-8080-exec-2] c.e.s.controller.StudentController       : Fetched student successfully with ID: 1
2026-04-07T11:25:47.448+05:30  INFO 122404 --- [Student Service Management System] [http-nio-8080-exec-4] c.e.s.controller.StudentController       : Received request to fetch student with ID: 1
2026-04-07T11:25:47.448+05:30  INFO 122404 --- [Student Service Management System] [http-nio-8080-exec-4] c.e.s.service.impl.StudentServiceImpl    : Fetching student with ID: 1
2026-04-07T11:25:47.454+05:30  INFO 122404 --- [Student Service Management System] [http-nio-8080-exec-3] c.e.s.service.impl.StudentServiceImpl    : Fetched 5 students
2026-04-07T11:25:47.455+05:30  INFO 122404 --- [Student Service Management System] [http-nio-8080-exec-3] c.e.s.controller.StudentController       : Fetched 5 students
2026-04-07T11:25:47.455+05:30  INFO 122404 --- [Student Service Management System] [http-nio-8080-exec-4] c.e.s.controller.StudentController       : Fetched student successfully with ID: 1
2026-04-07T11:25:47.461+05:30  INFO 122404 --- [Student Service Management System] [http-nio-8080-exec-5] c.e.s.controller.StudentController       : Received request to fetch all students: page 0, size 5
2026-04-07T11:25:47.462+05:30  INFO 122404 --- [Student Service Management System] [http-nio-8080-exec-5] c.e.s.service.impl.StudentServiceImpl    : Fetching all students: page 0, size 5
2026-04-07T11:25:47.475+05:30  INFO 122404 --- [Student Service Management System] [http-nio-8080-exec-5] c.e.s.service.impl.StudentServiceImpl    : Fetched 5 students
2026-04-07T11:25:47.476+05:30  INFO 122404 --- [Student Service Management System] [http-nio-8080-exec-5] c.e.s.controller.StudentController       : Fetched 5 students
2026-04-07T11:26:39.371+05:30  INFO 122404 --- [Student Service Management System] [SpringApplicationShutdownHook] o.s.boot.tomcat.GracefulShutdown         : Commencing graceful shutdown. Waiting for active requests to complete
2026-04-07T11:26:39.374+05:30  INFO 122404 --- [Student Service Management System] [tomcat-shutdown] o.s.boot.tomcat.GracefulShutdown         : Graceful shutdown complete
2026-04-07T11:26:39.379+05:30  INFO 122404 --- [Student Service Management System] [SpringApplicationShutdownHook] j.LocalContainerEntityManagerFactoryBean : Closing JPA EntityManagerFactory for persistence unit 'default'
2026-04-07T11:26:39.382+05:30  INFO 122404 --- [Student Service Management System] [SpringApplicationShutdownHook] com.zaxxer.hikari.HikariDataSource       : HikariPool-1 - Shutdown initiated...
2026-04-07T11:26:39.389+05:30  INFO 122404 --- [Student Service Management System] [SpringApplicationShutdownHook] com.zaxxer.hikari.HikariDataSource       : HikariPool-1 - Shutdown completed.
2026-04-07T11:26:42.191+05:30  INFO 126750 --- [Student Service Management System] [main] tudentServiceManagementSystemApplication : Starting StudentServiceManagementSystemApplication using Java 21.0.8 with PID 126750 (/home/shasidu/Documents/ijse/Intern_project/Student Service Management System/target/classes started by shasidu in /home/shasidu/Documents/ijse/Intern_project/Student Service Management System)
2026-04-07T11:26:42.193+05:30  INFO 126750 --- [Student Service Management System] [main] tudentServiceManagementSystemApplication : No active profile set, falling back to 1 default profile: "default"
2026-04-07T11:26:42.595+05:30  INFO 126750 --- [Student Service Management System] [main] .s.d.r.c.RepositoryConfigurationDelegate : Bootstrapping Spring Data JPA repositories in DEFAULT mode.
2026-04-07T11:26:42.662+05:30  INFO 126750 --- [Student Service Management System] [main] .s.d.r.c.RepositoryConfigurationDelegate : Finished Spring Data repository scanning in 61 ms. Found 1 JPA repository interface.
2026-04-07T11:26:42.914+05:30  INFO 126750 --- [Student Service Management System] [main] o.s.boot.tomcat.TomcatWebServer          : Tomcat initialized with port 8080 (http)
2026-04-07T11:26:42.921+05:30  INFO 126750 --- [Student Service Management System] [main] o.apache.catalina.core.StandardService   : Starting service [Tomcat]
2026-04-07T11:26:42.921+05:30  INFO 126750 --- [Student Service Management System] [main] o.apache.catalina.core.StandardEngine    : Starting Servlet engine: [Apache Tomcat/11.0.20]
2026-04-07T11:26:42.942+05:30  INFO 126750 --- [Student Service Management System] [main] b.w.c.s.WebApplicationContextInitializer : Root WebApplicationContext: initialization completed in 722 ms
2026-04-07T11:26:43.035+05:30  INFO 126750 --- [Student Service Management System] [main] org.hibernate.orm.jpa                    : HHH008540: Processing PersistenceUnitInfo [name: default]
2026-04-07T11:26:43.056+05:30  INFO 126750 --- [Student Service Management System] [main] org.hibernate.orm.core                   : HHH000001: Hibernate ORM core version 7.2.7.Final
2026-04-07T11:26:43.285+05:30  INFO 126750 --- [Student Service Management System] [main] o.s.o.j.p.SpringPersistenceUnitInfo      : No LoadTimeWeaver setup: ignoring JPA class transformer
2026-04-07T11:26:43.305+05:30  INFO 126750 --- [Student Service Management System] [main] com.zaxxer.hikari.HikariDataSource       : HikariPool-1 - Starting...
2026-04-07T11:26:43.497+05:30  INFO 126750 --- [Student Service Management System] [main] com.zaxxer.hikari.pool.HikariPool        : HikariPool-1 - Added connection com.mysql.cj.jdbc.ConnectionImpl@71f056a
2026-04-07T11:26:43.498+05:30  INFO 126750 --- [Student Service Management System] [main] com.zaxxer.hikari.HikariDataSource       : HikariPool-1 - Start completed.
2026-04-07T11:26:43.538+05:30  WARN 126750 --- [Student Service Management System] [main] org.hibernate.orm.deprecation            : HHH90000025: MySQLDialect does not need to be specified explicitly using 'hibernate.dialect' (remove the property setting and it will be selected by default)
2026-04-07T11:26:43.549+05:30  INFO 126750 --- [Student Service Management System] [main] org.hibernate.orm.connections.pooling    : HHH10001005: Database info:
	Database JDBC URL [jdbc:mysql://localhost:3306/SSMS_System?createDatabaseIfNotExist=true]
	Database driver: MySQL Connector/J
	Database dialect: MySQLDialect
	Database version: 9.5
	Default catalog/schema: SSMS_System/undefined
	Autocommit mode: undefined/unknown
	Isolation level: REPEATABLE_READ [default REPEATABLE_READ]
	JDBC fetch size: none
	Pool: DataSourceConnectionProvider
	Minimum pool size: undefined/unknown
	Maximum pool size: undefined/unknown
2026-04-07T11:26:44.037+05:30  INFO 126750 --- [Student Service Management System] [main] org.hibernate.orm.core                   : HHH000489: No JTA platform available (set 'hibernate.transaction.jta.platform' to enable JTA platform integration)
2026-04-07T11:26:44.073+05:30  INFO 126750 --- [Student Service Management System] [main] j.LocalContainerEntityManagerFactoryBean : Initialized JPA EntityManagerFactory for persistence unit 'default'
2026-04-07T11:26:44.123+05:30  INFO 126750 --- [Student Service Management System] [main] o.s.d.j.r.query.QueryEnhancerFactories   : Hibernate is in classpath; If applicable, HQL parser will be used.
2026-04-07T11:26:44.326+05:30  WARN 126750 --- [Student Service Management System] [main] JpaBaseConfiguration$JpaWebConfiguration : spring.jpa.open-in-view is enabled by default. Therefore, database queries may be performed during view rendering. Explicitly configure spring.jpa.open-in-view to disable this warning
2026-04-07T11:26:44.519+05:30  INFO 126750 --- [Student Service Management System] [main] o.s.boot.tomcat.TomcatWebServer          : Tomcat started on port 8080 (http) with context path '/'
2026-04-07T11:26:44.523+05:30  INFO 126750 --- [Student Service Management System] [main] tudentServiceManagementSystemApplication : Started StudentServiceManagementSystemApplication in 2.578 seconds (process running for 3.05)
2026-04-07T11:26:50.814+05:30  INFO 126750 --- [Student Service Management System] [http-nio-8080-exec-2] o.a.c.c.C.[Tomcat].[localhost].[/]       : Initializing Spring DispatcherServlet 'dispatcherServlet'
2026-04-07T11:26:50.814+05:30  INFO 126750 --- [Student Service Management System] [http-nio-8080-exec-2] o.s.web.servlet.DispatcherServlet        : Initializing Servlet 'dispatcherServlet'
2026-04-07T11:26:50.816+05:30  INFO 126750 --- [Student Service Management System] [http-nio-8080-exec-2] o.s.web.servlet.DispatcherServlet        : Completed initialization in 1 ms
2026-04-07T11:26:50.899+05:30  INFO 126750 --- [Student Service Management System] [http-nio-8080-exec-2] c.e.s.controller.StudentController       : Received request to fetch student with ID: 1
2026-04-07T11:26:50.900+05:30  INFO 126750 --- [Student Service Management System] [http-nio-8080-exec-2] c.e.s.service.impl.StudentServiceImpl    : Fetching student with ID: 1
2026-04-07T11:26:50.900+05:30  INFO 126750 --- [Student Service Management System] [http-nio-8080-exec-3] c.e.s.controller.StudentController       : Received request to fetch all students: page 0, size 5
2026-04-07T11:26:50.900+05:30  INFO 126750 --- [Student Service Management System] [http-nio-8080-exec-3] c.e.s.service.impl.StudentServiceImpl    : Fetching all students: page 0, size 5
2026-04-07T11:26:50.969+05:30  INFO 126750 --- [Student Service Management System] [http-nio-8080-exec-2] c.e.s.controller.StudentController       : Fetched student successfully with ID: 1
2026-04-07T11:26:51.012+05:30  INFO 126750 --- [Student Service Management System] [http-nio-8080-exec-3] c.e.s.service.impl.StudentServiceImpl    : Fetched 5 students
2026-04-07T11:26:51.012+05:30  INFO 126750 --- [Student Service Management System] [http-nio-8080-exec-3] c.e.s.controller.StudentController       : Fetched 5 students
2026-04-07T11:26:51.020+05:30  WARN 126750 --- [Student Service Management System] [http-nio-8080-exec-3] ration$PageModule$WarningLoggingModifier : Serializing PageImpl instances as-is is not supported, meaning that there is no guarantee about the stability of the resulting JSON structure!
	For a stable JSON structure, please use Spring Data's PagedModel (globally via @EnableSpringDataWebSupport(pageSerializationMode = VIA_DTO))
	or Spring HATEOAS and Spring Data's PagedResourcesAssembler as documented in https://docs.spring.io/spring-data/commons/reference/repositories/core-extensions.html#core.web.pageables.

2026-04-07T11:26:51.032+05:30  INFO 126750 --- [Student Service Management System] [http-nio-8080-exec-1] c.e.s.controller.StudentController       : Received request to fetch student with ID: 1
2026-04-07T11:26:51.032+05:30  INFO 126750 --- [Student Service Management System] [http-nio-8080-exec-1] c.e.s.service.impl.StudentServiceImpl    : Fetching student with ID: 1
2026-04-07T11:26:51.044+05:30  INFO 126750 --- [Student Service Management System] [http-nio-8080-exec-1] c.e.s.controller.StudentController       : Fetched student successfully with ID: 1
2026-04-07T11:26:51.045+05:30  INFO 126750 --- [Student Service Management System] [http-nio-8080-exec-4] c.e.s.controller.StudentController       : Received request to fetch all students: page 0, size 5
2026-04-07T11:26:51.045+05:30  INFO 126750 --- [Student Service Management System] [http-nio-8080-exec-4] c.e.s.service.impl.StudentServiceImpl    : Fetching all students: page 0, size 5
2026-04-07T11:26:51.058+05:30  INFO 126750 --- [Student Service Management System] [http-nio-8080-exec-4] c.e.s.service.impl.StudentServiceImpl    : Fetched 5 students
2026-04-07T11:26:51.059+05:30  INFO 126750 --- [Student Service Management System] [http-nio-8080-exec-4] c.e.s.controller.StudentController       : Fetched 5 students
